[33merror[39m: [33mFATAL ERROR[39m
[31mfatal[39m: [31mLOGGER[39m
[33merror[39m: [33mLOGGER[39m
[35mwarning[39m: [35mLOGGER[39m
[33merror[39m: [33mFATAL ERROR[39m
[31mfatal[39m: [31mLOGGER[39m
[33merror[39m: [33mLOGGER[39m
[35mwarning[39m: [35mLOGGER[39m
[33merror[39m: [33mFATAL ERROR[39m
[31mfatal[39m: [31mLOGGER[39m
[33merror[39m: [33mLOGGER[39m
[35mwarning[39m: [35mLOGGER[39m
[33merror[39m: [33mFATAL ERROR[39m
[31mfatal[39m: [31mLOGGER[39m
[33merror[39m: [33mLOGGER[39m
[35mwarning[39m: [35mLOGGER[39m
[33merror[39m: [33mAssignment to constant variable.[39m
[33merror[39m: [33mAssignment to constant variable.[39m
[33merror[39m: [33mAssignment to constant variable.[39m
[33merror[39m: [33mAssignment to constant variable.[39m
[33merror[39m: [33mAssignment to constant variable.[39m
[33merror[39m: [33mlogger is not defined[39m
[33merror[39m: [33mlogger is not defined[39m
[33merror[39m: [33mlogger is not defined[39m
[33merror[39m: [33mlogger is not defined[39m
[33merror[39m: [33mlogger is not defined[39m
[33merror[39m: [33mcategories.some is not a function[39m
[33merror[39m: [33mcategories.some is not a function[39m
[33merror[39m: [33mError trying to create product[39m {"code":2,"name":"Product creation failed"}
[33merror[39m: [33mError trying to create product[39m {"code":2,"name":"Product creation failed"}
[33merror[39m: [33mError trying to create product[39m {"code":2,"name":"Product creation failed"}
[33merror[39m: [33mError trying to create product[39m {"code":2,"name":"Product creation failed"}
[33merror[39m: [33mError trying to create product[39m {"code":2,"name":"Product creation failed"}
[33merror[39m: [33muser is not defined[39m
[35mwarning[39m: [35mWARNING FORBIDDEN[39m
[35mwarning[39m: [35mWARNING FORBIDDEN[39m
[35mwarning[39m: [35mWARNING FORBIDDEN[39m
[35mwarning[39m: [35mWARNING FORBIDDEN[39m
[35mwarning[39m: [35mWARNING FORBIDDEN[39m
[35mwarning[39m: [35mWARNING FORBIDDEN[39m
[35mwarning[39m: [35mWARNING FORBIDDEN[39m
[35mwarning[39m: [35mWARNING FORBIDDEN[39m
[35mwarning[39m: [35mWARNING FORBIDDEN[39m
[35mwarning[39m: [35mWARNING FORBIDDEN[39m
[35mwarning[39m: [35mWARNING FORBIDDEN[39m
[35mwarning[39m: [35mWARNING FORBIDDEN[39m
[33merror[39m: [33musers is not defined[39m
[35mwarning[39m: [35mWARNING FORBIDDEN[39m
[33merror[39m: [33mres.internalError is not a function[39m
[33merror[39m: [33mCannot read properties of undefined (reading 'role')[39m
[33merror[39m: [33mCannot read properties of undefined (reading 'role')[39m
[33merror[39m: [33mCannot read properties of undefined (reading 'role')[39m
[33merror[39m: [33mCannot read properties of undefined (reading 'role')[39m
[33merror[39m: [33mjwt is not defined[39m
[33merror[39m: [33mError al obtener la cotización del dolar: No se pudo obtener la cotización del dolar[39m
[33merror[39m: [33mError al obtener la cotización del dolar: Access Restricted - Your current Subscription Plan does not support HTTPS Encryption.[39m
[35mwarning[39m: [35mWARNING FORBIDDEN[39m
[33merror[39m: [33mCannot read properties of undefined (reading 'imp1')[39m
[33merror[39m: [33mimp1 is not defined[39m
[35mwarning[39m: [35mWARNING FORBIDDEN[39m
